<?xml version="1.0" encoding="UTF-8"?>
<testsuite name="GreetingServiceSpec" tests="1" skipped="0" failures="0" errors="0" timestamp="2019-11-25T21:34:30" hostname="L120383" time="0.504">
  <properties/>
  <testcase name="Saying Hello" classname="GreetingServiceSpec" time="0.504"/>
  <system-out><![CDATA[]]></system-out>
  <system-err><![CDATA[]]></system-err>
</testsuite>
